IDCommand: Identify using Siegfried 1.11.0
IDCommand UUID: 88c747f5-7b6c-4913-8dc2-3957dcd5e6b8
IDTool: Siegfried
IDTool UUID: 454df69d-5cc0-49fc-93e4-6fbb6ac659e7
File: (2a0125f8-f3f9-4322-a0b5-87f418f97b3e) /var/archivematica/sharedDirectory/watchedDirectories/workFlowDecisions/selectFormatIDToolTransfer/transfer_01-3406db4d-47a1-4983-992b-19327f21f9e1/objects/Vector.NET-Free-Vector-Art-Pack-28-Freedom-Flight.eps
Command output: fmt/124
/var/archivematica/sharedDirectory/watchedDirectories/workFlowDecisions/selectFormatIDToolTransfer/transfer_01-3406db4d-47a1-4983-992b-19327f21f9e1/objects/Vector.NET-Free-Vector-Art-Pack-28-Freedom-Flight.eps identified as a EPS 3
IDCommand: Identify using Siegfried 1.11.0
IDCommand UUID: 88c747f5-7b6c-4913-8dc2-3957dcd5e6b8
IDTool: Siegfried
IDTool UUID: 454df69d-5cc0-49fc-93e4-6fbb6ac659e7
File: (302868d4-37c2-453c-9cd4-34e5c8eb1705) /var/archivematica/sharedDirectory/watchedDirectories/workFlowDecisions/selectFormatIDToolTransfer/transfer_01-3406db4d-47a1-4983-992b-19327f21f9e1/objects/pictures/Landing_zone.jpg
Command output: fmt/43
/var/archivematica/sharedDirectory/watchedDirectories/workFlowDecisions/selectFormatIDToolTransfer/transfer_01-3406db4d-47a1-4983-992b-19327f21f9e1/objects/pictures/Landing_zone.jpg identified as a JPEG 
IDCommand: Identify using Siegfried 1.11.0
IDCommand UUID: 88c747f5-7b6c-4913-8dc2-3957dcd5e6b8
IDTool: Siegfried
IDTool UUID: 454df69d-5cc0-49fc-93e4-6fbb6ac659e7
File: (3c776c49-be26-4d78-a5ae-67dba8ebb964) /var/archivematica/sharedDirectory/watchedDirectories/workFlowDecisions/selectFormatIDToolTransfer/transfer_01-3406db4d-47a1-4983-992b-19327f21f9e1/objects/BBhelmet.ai
Command output: fmt/563
/var/archivematica/sharedDirectory/watchedDirectories/workFlowDecisions/selectFormatIDToolTransfer/transfer_01-3406db4d-47a1-4983-992b-19327f21f9e1/objects/BBhelmet.ai identified as a Adobe Illustrator 14.0
IDCommand: Identify using Siegfried 1.11.0
IDCommand UUID: 88c747f5-7b6c-4913-8dc2-3957dcd5e6b8
IDTool: Siegfried
IDTool UUID: 454df69d-5cc0-49fc-93e4-6fbb6ac659e7
File: (48dd6e58-8461-411d-9eb0-8c20f1ad05a8) /var/archivematica/sharedDirectory/watchedDirectories/workFlowDecisions/selectFormatIDToolTransfer/transfer_01-3406db4d-47a1-4983-992b-19327f21f9e1/objects/pictures/MARBLES.TGA
Command output: fmt/402
/var/archivematica/sharedDirectory/watchedDirectories/workFlowDecisions/selectFormatIDToolTransfer/transfer_01-3406db4d-47a1-4983-992b-19327f21f9e1/objects/pictures/MARBLES.TGA identified as a Truevision TGA Bitmap 
IDCommand: Identify using Siegfried 1.11.0
IDCommand UUID: 88c747f5-7b6c-4913-8dc2-3957dcd5e6b8
IDTool: Siegfried
IDTool UUID: 454df69d-5cc0-49fc-93e4-6fbb6ac659e7
File: (65a89b32-ac6a-4960-b06a-02382df53704) /var/archivematica/sharedDirectory/watchedDirectories/workFlowDecisions/selectFormatIDToolTransfer/transfer_01-3406db4d-47a1-4983-992b-19327f21f9e1/objects/lion.svg
Command output: fmt/91
/var/archivematica/sharedDirectory/watchedDirectories/workFlowDecisions/selectFormatIDToolTransfer/transfer_01-3406db4d-47a1-4983-992b-19327f21f9e1/objects/lion.svg identified as a Scalable Vector Graphics 
IDCommand: Identify using Siegfried 1.11.0
IDCommand UUID: 88c747f5-7b6c-4913-8dc2-3957dcd5e6b8
IDTool: Siegfried
IDTool UUID: 454df69d-5cc0-49fc-93e4-6fbb6ac659e7
File: (68b49ed5-2d06-4a0a-922e-e520fb41111f) /var/archivematica/sharedDirectory/watchedDirectories/workFlowDecisions/selectFormatIDToolTransfer/transfer_01-3406db4d-47a1-4983-992b-19327f21f9e1/objects/Nemastylis_geminiflora_Flower.PNG
Command output: fmt/11
/var/archivematica/sharedDirectory/watchedDirectories/workFlowDecisions/selectFormatIDToolTransfer/transfer_01-3406db4d-47a1-4983-992b-19327f21f9e1/objects/Nemastylis_geminiflora_Flower.PNG identified as a PNG 
IDCommand: Identify using Siegfried 1.11.0
IDCommand UUID: 88c747f5-7b6c-4913-8dc2-3957dcd5e6b8
IDTool: Siegfried
IDTool UUID: 454df69d-5cc0-49fc-93e4-6fbb6ac659e7
File: (a13c006f-1440-4300-bbdc-0c35c4b29b59) /var/archivematica/sharedDirectory/watchedDirectories/workFlowDecisions/selectFormatIDToolTransfer/transfer_01-3406db4d-47a1-4983-992b-19327f21f9e1/objects/G31DS.TIF
Command output: fmt/353
/var/archivematica/sharedDirectory/watchedDirectories/workFlowDecisions/selectFormatIDToolTransfer/transfer_01-3406db4d-47a1-4983-992b-19327f21f9e1/objects/G31DS.TIF identified as a TIFF
IDCommand: Identify using Siegfried 1.11.0
IDCommand UUID: 88c747f5-7b6c-4913-8dc2-3957dcd5e6b8
IDTool: Siegfried
IDTool UUID: 454df69d-5cc0-49fc-93e4-6fbb6ac659e7
File: (b319b8f3-de41-4fb8-b8e1-f9b66bae7148) /var/archivematica/sharedDirectory/watchedDirectories/workFlowDecisions/selectFormatIDToolTransfer/transfer_01-3406db4d-47a1-4983-992b-19327f21f9e1/objects/WFPC01.GIF
Command output: fmt/4
/var/archivematica/sharedDirectory/watchedDirectories/workFlowDecisions/selectFormatIDToolTransfer/transfer_01-3406db4d-47a1-4983-992b-19327f21f9e1/objects/WFPC01.GIF identified as a 1989a
IDCommand: Identify using Siegfried 1.11.0
IDCommand UUID: 88c747f5-7b6c-4913-8dc2-3957dcd5e6b8
IDTool: Siegfried
IDTool UUID: 454df69d-5cc0-49fc-93e4-6fbb6ac659e7
File: (d7f0bbe5-1ec5-4e67-adf3-b95db3ca94e8) /var/archivematica/sharedDirectory/watchedDirectories/workFlowDecisions/selectFormatIDToolTransfer/transfer_01-3406db4d-47a1-4983-992b-19327f21f9e1/objects/799px-Euroleague-LE_Roma_vs_Toulouse_IC-27.bmp
Command output: fmt/116
/var/archivematica/sharedDirectory/watchedDirectories/workFlowDecisions/selectFormatIDToolTransfer/transfer_01-3406db4d-47a1-4983-992b-19327f21f9e1/objects/799px-Euroleague-LE_Roma_vs_Toulouse_IC-27.bmp identified as a Windows BItmap 
IDCommand: Identify using Siegfried 1.11.0
IDCommand UUID: 88c747f5-7b6c-4913-8dc2-3957dcd5e6b8
IDTool: Siegfried
IDTool UUID: 454df69d-5cc0-49fc-93e4-6fbb6ac659e7
File: (e1cae91a-11b4-4797-bbe3-c9dd3a93ee7b) /var/archivematica/sharedDirectory/watchedDirectories/workFlowDecisions/selectFormatIDToolTransfer/transfer_01-3406db4d-47a1-4983-992b-19327f21f9e1/objects/oakland03.jp2
Command output: x-fmt/392
/var/archivematica/sharedDirectory/watchedDirectories/workFlowDecisions/selectFormatIDToolTransfer/transfer_01-3406db4d-47a1-4983-992b-19327f21f9e1/objects/oakland03.jp2 identified as a JP2 (JPEG 2000 part 1)
